11841    8.0  1.1  0.2  chr2                                  8318295  8320009 (30118289) C Paris               Unspecified       (0)   1730       1  18657  
15996    0.1  0.0  0.0  chr2                                 11296788 11298517 (27139781) C Paris               Unspecified       (0)   1730       1  24068  
15996    0.1  0.0  0.0  chr2                                 13169944 13171673 (25266625) + Paris               Unspecified         1   1730     (0)  28080  
15647    0.1  0.0  0.0  chr2                                 17035542 17037271 (21401027) C Paris               Unspecified       (0)   1730       1  35315  
15011    0.1  0.0  0.0  chr2                                 21741113 21742842 (16695456) + Paris               Unspecified         1   1730     (0)  43315  
15003    0.1  0.0  0.0  chr2                                 26416439 26418168 (12020130) C Paris               Unspecified       (0)   1730       1  51775  
 7465    8.8  0.5  0.1  chr2                                 32469307 32470369  (5967929) C Paris               Unspecified     (315)   1415     349  61931  
 1614    7.7  1.5  0.0  chr2                                 32470368 32470628  (5967670) C Paris               Unspecified    (1465)    265       1  61932 *
 6964    9.1  0.7  0.2  chr2                                 33839329 33840312  (4597986) + Paris               Unspecified         1    989   (741)  63976  
 1427   16.1  6.8  0.0  chr2                                 34321191 34321470  (4116828) C Paris               Unspecified     (783)    947     649  65079  
 1409   18.5  7.1  2.7  chr2                                 34527031 34527380  (3910918) + Paris               Unspecified       599    963   (767)  65569  
11332    8.6  0.8  0.6  chr2                                 34865537 34867104  (3571194) C Paris               Unspecified     (160)   1570       1  66438  
 2368    8.8  8.8  0.9  chr2                                 35054811 35055209  (3383089) C Paris               Unspecified       (0)   1730    1301  66788  
 8932    9.6  1.6  0.2  chr2                                 35055811 35057093  (3381205) C Paris               Unspecified     (430)   1300       1  66792  
 3621   12.1  0.4  0.2  chr2                                 36358226 36358780  (2079518) + Paris               Unspecified       172    727  (1003)  69140  
 9356    9.5  6.6  0.0  chr2                                 36739307 36740769  (1697529) C Paris               Unspecified     (170)   1560       1  69826  
 1605   12.1  0.0  0.0  chr2                                 36740774 36741030  (1697268) C Paris               Unspecified    (1302)    428     172  69827  
 5512    8.3  1.6  0.2  chr2                                 36822051 36822856  (1615442) C Paris               Unspecified       (0)   1730     914  70002  
 4201    7.2  0.2  0.5  chr2                                 37193658 37194228  (1244070) + Paris               Unspecified      1162   1730     (0)  70693  
 1832   10.6  8.1  3.5  chr2                                 38013857 38014189   (424109) C Paris               Unspecified      (49)   1681    1334  72068 *
15905    0.1  0.0  0.0  chr3                                  3900329  3902058 (23714622) + Paris               Unspecified         1   1730     (0)  82376  
15011    0.1  0.0  0.0  chr3                                 17239759 17241488 (10375192) + Paris               Unspecified         1   1730     (0) 111611  
11841    8.0  1.1  0.2  chr3                                 18358122 18359836  (9256844) + Paris               Unspecified         1   1730     (0) 113831  
15011    0.1  0.0  0.0  chr3                                 23636561 23638290  (3978390) C Paris               Unspecified       (0)   1730       1 123393  
11841    8.0  1.1  0.2  chr4                                   707975   709689 (30365622) C Paris               Unspecified       (0)   1730       1 131946  
16064    0.1  0.0  0.0  chr4                                  4362521  4364250 (26711061) + Paris               Unspecified         1   1730     (0) 140151  
16064    0.1  0.0  0.0  chr4                                  4467830  4469559 (26605752) + Paris               Unspecified         1   1730     (0) 140455  
15011    0.1  0.0  0.0  chr4                                 15115666 15117395 (15957916) + Paris               Unspecified         1   1730     (0) 161994  
16064    0.1  0.0  0.0  chr4                                 17936710 17938439 (13136872) + Paris               Unspecified         1   1730     (0) 166984  
15996    0.1  0.0  0.0  chr4                                 20687713 20689442 (10385869) C Paris               Unspecified       (0)   1730       1 171699  
15654    0.1  0.0  0.0  chr4                                 22425868 22427597  (8647714) + Paris               Unspecified         1   1730     (0) 174226  
15654    0.1  0.0  0.0  chr4                                 29084840 29086569  (1988742) + Paris               Unspecified         1   1730     (0) 184617  
 2678    8.6  4.8  0.0  chr4                                 30177648 30178018   (897293) + Paris               Unspecified       177    565  (1165) 186645 *
 3346   12.7  2.2  3.7  chr4                                 30178016 30178564   (896747) + Paris               Unspecified       977   1517   (213) 186646  
15996    0.1  0.0  0.0  chr5                                  6054999  6056728 (21846000) C Paris               Unspecified       (0)   1730       1 202742  
12796    8.0  1.1  0.2  chr5                                 20853318 20855032  (7047696) C Paris               Unspecified       (0)   1730       1 231053  
15996    0.1  0.0  0.0  chr5                                 21155353 21157082  (6745646) C Paris               Unspecified       (0)   1730       1 231563  
15996    0.1  0.0  0.0  chr5                                 21158322 21160051  (6742677) C Paris               Unspecified       (0)   1730       1 231565  
11717    8.2  3.6  0.2  chr5                                 25322112 25323784  (2578944) C Paris               Unspecified       (0)   1730       1 238747  
 4176    8.0  0.3  1.2  chr5                                 25858412 25859009  (2043719) + Paris               Unspecified         1    593  (1137) 239637 *
 6012    8.2  0.1  1.3  chr5                                 25858987 25859819  (2042909) + Paris               Unspecified       887   1709    (21) 239638  
15654    0.1  0.0  0.0  chr5                                 26706293 26708022  (1194706) + Paris               Unspecified         1   1730     (0) 241040  
 3581    9.1  9.2  0.0  chr6                                  1191303  1191865  (1078286) + Paris               Unspecified         1    615  (1115) 244373  
 4909    7.7  0.0  0.0  chr6                                  1191870  1192496  (1077655) + Paris               Unspecified       677   1303   (427) 244374  
 2997    8.0  0.7  0.0  chr6                                  1193260  1193686  (1076465) + Paris               Unspecified      1301   1730     (0) 244377  
15996    0.1  0.0  0.0  chrX                                  3607936  3609665 (34583901) C Paris               Unspecified       (0)   1730       1 257743  
15996    0.1  0.0  0.0  chrX                                  4463904  4465633 (33727933) C Paris               Unspecified       (0)   1730       1 260119  
12796    8.0  1.1  0.2  chrX                                 11111927 11113641 (27079925) + Paris               Unspecified         1   1730     (0) 279925  
15996    0.1  0.0  0.0  chrX                                 14435750 14437479 (23756087) + Paris               Unspecified         1   1730     (0) 290306  
15996    0.1  0.0  0.0  chrX                                 17233544 17235273 (20958293) + Paris               Unspecified         1   1730     (0) 297845  
15011    0.1  0.0  0.0  chrX                                 23487847 23489576 (14703990) + Paris               Unspecified         1   1730     (0) 313330  
15996    0.1  0.0  0.0  chrX                                 24022972 24024701 (14168865) + Paris               Unspecified         1   1730     (0) 314726  
15996    0.1  0.0  0.0  chrX                                 27791295 27793024 (10400542) + Paris               Unspecified         1   1730     (0) 324226  
 1631    7.5  1.1  5.0  chrX                                 28905805 28906072  (9287494) + Paris               Unspecified      1473   1730     (0) 327536  
 2712   15.4  4.2  1.0  chrX                                 29439351 29439847  (8753719) C Paris               Unspecified     (530)   1200     688 328694  
 1367   17.2  4.7  1.0  chrX                                 29439813 29440111  (8753455) C Paris               Unspecified    (1060)    670     361 328695 *
13100    7.1  0.2  0.5  chrX                                 30220834 30222569  (7970997) + Paris               Unspecified         1   1730     (0) 329959  
 2899   16.4  9.5  0.9  chrX                                 31647371 31647993  (6545573) C Paris               Unspecified       (0)   1730    1055 331990  
 3132   13.0  8.2  1.7  chrX                                 31658543 31659091  (6534475) + Paris               Unspecified       702   1285   (445) 332018  
 2258   12.2  5.1  0.3  chrX                                 31663041 31663394  (6530172) + Paris               Unspecified       927   1297   (433) 332026  
 2248   12.2  5.1  0.3  chrX                                 31665392 31665745  (6527821) + Paris               Unspecified       927   1297   (433) 332031  
 2379   12.4  2.5  0.3  chrX                                 31667985 31668347  (6525219) + Paris               Unspecified       927   1297   (433) 332036  
 1841   11.7 12.6  0.3  chrX                                 31674790 31675114  (6518452) + Paris               Unspecified       927   1291   (439) 332046  
 2850   13.7  6.9  0.0  chrX                                 31707092 31707601  (6485965) + Paris               Unspecified       753   1297   (433) 332090  
 4212    9.1  4.4  1.2  chrX                                 32274703 32275359  (5918207) + Paris               Unspecified        46    723  (1007) 332721 *
 5046    5.9  1.6  0.1  chrX                                 32275345 32276010  (5917556) + Paris               Unspecified      1055   1730     (0) 332722  
 9073   10.6  1.8  2.2  chrX                                 32532150 32533623  (5659943) + Paris               Unspecified       152   1619   (111) 333170  
 3453   11.6  1.4  0.0  chrX                                 32541730 32542296  (5651270) + Paris               Unspecified       152    726  (1004) 333189 *
 5015    9.2  4.8  0.5  chrX                                 32542292 32543065  (5650501) + Paris               Unspecified       924   1730     (0) 333190  
 1357   13.6  7.9  2.9  chrX                                 32739913 32740177  (5453389) C Paris               Unspecified     (171)   1559    1282 333615  
 1953   13.3  4.5  0.0  chrX                                 32740179 32740486  (5453080) C Paris               Unspecified     (542)   1188     867 333616  
 1589   19.4  9.5  0.2  chrX                                 32751807 32752194  (5441372) C Paris               Unspecified     (977)    753     330 333636  
 1132   15.3 21.6  0.3  chrX                                 32755061 32755329  (5438237) + Paris               Unspecified       330    655  (1075) 333642  
  973   14.3 21.6  0.3  chrX                                 32763018 32763276  (5430290) + Paris               Unspecified       330    643  (1087) 333655  
 3491   13.4  3.4  0.0  chrX                                 32763308 32763860  (5429706) + Paris               Unspecified       771   1342   (388) 333656  
 3265   10.8  3.4  0.4  chrX                                 34226591 34227121  (3966445) C Paris               Unspecified    (1020)    710     164 336260  
 5539    7.7  1.3  0.1  chrX                                 35406056 35406849  (2786717) C Paris               Unspecified       (0)   1730     928 338412  
 5549    7.8  1.8  0.4  chrX                                 35787696 35788455  (2405111) + Paris               Unspecified         1    771   (959) 339097  
 1568   12.6  0.4  0.0  tig00000815_ap_RaGOO                   307417   307670    (23752) C Paris               Unspecified    (1144)    586     332 344049  
12796    8.0  1.1  0.2  tig00000883_ap_RaGOO                    30317    32031    (41183) C Paris               Unspecified       (0)   1730       1 344905  
 8750    8.1  1.8  0.0  tig00026512_ap_RaGOO                    85216    86469   (435098) + Paris               Unspecified         1   1277   (453) 345533  
 2358    7.1  1.1  0.3  tig00026512_ap_RaGOO                    86493    86843   (434724) + Paris               Unspecified      1377   1730     (0) 345534  
