 2775   10.7  3.0  3.2  JAEMVK010000007.1    247644   248136    (73598) C Paris               Unspecified     (164)   1566    1075  39380  
 1792   11.6  1.7  0.7  JAEMVK010000007.1    248291   248586    (73148) C Paris               Unspecified     (982)    748     450  39382  
 1796    8.6  1.8  6.5  JAEMVK010000007.1    248614   248950    (72784) C Paris               Unspecified    (1408)    322       1  39383  
 1450   15.7  6.8  0.0  JAEMVK010000016.1    318444   318723  (1756935) C Paris               Unspecified     (783)    947     649  41288  
 1435   17.7  8.0  2.9  JAEMVK010000016.1    493291   493616  (1582042) C Paris               Unspecified     (758)    972     631  41693  
 1530   18.7  7.3  2.1  JAEMVK010000016.1    514729   515084  (1560574) + Paris               Unspecified       599    972   (758)  41738  
 2147   10.4  0.8  3.5  JAEMVK010000016.1   1532255  1532611   (543047) + Paris               Unspecified      1334   1681    (49)  43553 *
12992    6.9  0.3  0.6  JAEMVK010000044.1    235836   237569    (58341) + Paris               Unspecified         1   1730     (0)  73862  
 1721   11.3  6.0  0.7  JAEMVK010000059.1     90411    90694   (295382) + Paris               Unspecified       188    486  (1244)  79993  
 4240   10.0  2.8  2.1  JAEMVK010000059.1     90825    91529   (294547) + Paris               Unspecified       939   1648    (82)  79995  
 7676    8.1  3.9  1.5  JAEMVK010000075.1    168298   169544   (173943) + Paris               Unspecified         1   1277   (453)  82652  
 2244    7.2  1.7  1.1  JAEMVK010000075.1    169568   169919   (173568) + Paris               Unspecified      1377   1730     (0)  82653  
 6898    9.6  0.5  0.2  JAEMVK010000107.1     69050    70035   (817916) C Paris               Unspecified     (741)    989       1 101060  
 7847   10.3  2.5  2.1  JAEMVK010000117.1    241613   242906   (437871) + Paris               Unspecified         1   1300   (430) 117928  
 2165    9.7  8.7  2.8  JAEMVK010000117.1    243371   243774   (437003) + Paris               Unspecified      1304   1730     (0) 117931  
 9583   10.8  1.2  3.6  JAEMVK010000117.1    427005   428611   (252166) + Paris               Unspecified         1   1570   (160) 118251  
 2869   13.8  0.7  2.9  JAEMVK010000132.1    105045   105609   (241995) C Paris               Unspecified    (1003)    727     175 120901  
 3265   10.8  3.4  0.4  JAEMVK010000137.1     50800    51330   (579404) + Paris               Unspecified       164    710  (1020) 121765  
 4958    8.7  1.9  3.0  JAEMVK010000143.1    478785   479552    (44314) C Paris               Unspecified     (970)    760       1 123930  
 1462   11.2  0.0 11.1  JAEMVK010000157.1    159939   160209   (130725) C Paris               Unspecified     (177)   1553    1310 125031  
 8855   10.6  2.0  2.5  JAEMVK010000200.1    151391   152863   (386967) C Paris               Unspecified     (114)   1616     152 127524  
 4328    7.7  2.5  1.8  JAEMVK010000200.1    386741   387411   (152419) C Paris               Unspecified       (0)   1730    1055 127921  
 3493    9.5  5.8  2.8  JAEMVK010000200.1    387397   388048   (151782) C Paris               Unspecified    (1007)    723      53 127922 *
 1513   13.9  9.3  1.9  JAEMVK010000208.1      2150     2449     (6402) + Paris               Unspecified       867   1188   (542) 128413  
 3248   13.3  3.8  1.4  JAEMVK010000215.1    200489   201046    (16618) C Paris               Unspecified     (389)   1341     771 128966  
  965   15.2 22.1  0.3  JAEMVK010000215.1    201078   201335    (16329) C Paris               Unspecified    (1087)    643     330 128967  
 1074   15.3 21.3  1.2  JAEMVK010000215.1    209198   209469     (8195) C Paris               Unspecified    (1075)    655     330 128981  
 1480   18.7 10.4  0.3  JAEMVK010000215.1    212338   212691     (4973) + Paris               Unspecified       330    719  (1011) 128987  
 9510    9.6  7.2  0.1  JAEMVK010000228.1    252277   253676   (539039) C Paris               Unspecified     (170)   1560      61 129885  
 5444    8.3  1.7  0.4  JAEMVK010000228.1    334534   335339   (457376) C Paris               Unspecified       (0)   1730     914 130062  
 4209    7.0  0.2  0.7  JAEMVK010000228.1    740278   740849    (51866) + Paris               Unspecified      1162   1730     (0) 130818  
 1673    8.1  1.0  3.8  JAEMVK010000236.1     11868    12163   (128289) + Paris               Unspecified         1    288  (1442) 131174  
 1492   10.8  0.4  1.2  JAEMVK010000259.1    243897   244150   (285568) C Paris               Unspecified    (1417)    313      62 133339  
 1724   11.3  0.0  1.7  JAEMVK010000259.1    271282   271578   (258140) C Paris               Unspecified     (985)    745     454 133398  
 1894    7.6  1.2  4.1  JAEMVK010000259.1    271591   271919   (257799) C Paris               Unspecified    (1410)    320       1 133399  
10893    8.5  4.4  1.0  JAEMVK010000372.1  24915955 24917628   (519488) C Paris               Unspecified       (0)   1730       1 187102  
 4106    8.1  0.3  1.2  JAEMVK010000372.1  25406315 25406912    (30204) + Paris               Unspecified         1    593  (1137) 187940 *
 5916    8.0  0.2  1.8  JAEMVK010000372.1  25406890 25407725    (29391) + Paris               Unspecified       887   1709    (21) 187941  
 3273    9.2  9.2  2.8  JAEMVK010000397.1    739738   740316   (599156) + Paris               Unspecified         1    615  (1115) 204826  
 4834    7.7  0.3  0.0  JAEMVK010000397.1    740321   740945   (598527) + Paris               Unspecified       677   1303   (427) 204827  
 2937    8.4  0.7  0.2  JAEMVK010000397.1    741715   742142   (597330) + Paris               Unspecified      1301   1730     (0) 204830  
 1243    9.8  4.7  3.9  JAEMVK010000419.1  17852758 17853013   (991697) + Paris               Unspecified      1473   1730     (0) 251795  
 2725   15.4  4.2  0.8  JAEMVK010000419.1  18360014 18360509   (484201) C Paris               Unspecified     (530)   1200     688 252865  
 1242   16.0  8.1  1.0  JAEMVK010000419.1  18360492 18360763   (483947) C Paris               Unspecified    (1079)    651     361 252866 *
 2417   17.3 10.1  1.5  JAEMVK010000433.1     98102    98724   (360089) C Paris               Unspecified       (0)   1730    1055 254018  
 2797   11.8  8.9  0.7  JAEMVK010000433.1    109460   109965   (348848) + Paris               Unspecified       739   1285   (445) 254045  
 1852   13.3  4.5  2.2  JAEMVK010000433.1    113917   114270   (344543) + Paris               Unspecified       936   1297   (433) 254052  
 2111   12.6  3.5  2.2  JAEMVK010000433.1    116517   116882   (341931) + Paris               Unspecified       927   1297   (433) 254056  
 1841   11.7 12.6  0.3  JAEMVK010000433.1    123372   123696   (335117) + Paris               Unspecified       927   1291   (439) 254066  
 2167   15.5 13.9  0.9  JAEMVK010000433.1    155854   156336   (302477) + Paris               Unspecified       753   1297   (433) 254114  
 5815    7.7  1.3  0.1  JAEMVK010000465.1     27472    28265   (140838) C Paris               Unspecified       (0)   1730     928 255296  
 7846    8.7  0.7  0.0  JAEMVK010000560.1  30142826 30143885    (60743) C Paris               Unspecified     (315)   1415     349 314909  
 1769    7.6  0.8  0.0  JAEMVK010000560.1  30143884 30144146    (60482) C Paris               Unspecified    (1465)    265       1 314910 *
 2594    8.6  4.8  0.0  JAEMVK010000564.1  16821667 16822037    (40272) + Paris               Unspecified       177    565  (1165) 344382 *
 3276   12.8  1.8  2.6  JAEMVK010000564.1  16822035 16822579    (39730) + Paris               Unspecified       977   1517   (213) 344383  
